# Preference setting overrides
gui_create_pref_key -category {Globals} -key {load_detail_for_funcov} -value_type {bool} -value {false}

# State setting overrides
gui_state_default_create -off -ini
gui_set_state_value -category Globals -key recent_databases -value {{gui_open_db -file final.vpd} {gui_open_db -file sw.vpd} {gui_open_db -file lw.vpd} {gui_open_db -file add.vpd} {gui_open_db -file auipc.vpd}}
gui_set_state_value -category Layout -key child_console_size_x -value 1258
gui_set_state_value -category Layout -key child_console_size_y -value 135
gui_set_state_value -category Layout -key child_data_coltype -value 138
gui_set_state_value -category Layout -key child_data_colvalue -value 143
gui_set_state_value -category Layout -key child_data_colvariable -value 184
gui_set_state_value -category Layout -key child_data_size_x -value 297
gui_set_state_value -category Layout -key child_data_size_y -value 348
gui_set_state_value -category Layout -key child_driver_size_x -value 999
gui_set_state_value -category Layout -key child_driver_size_y -value 179
gui_set_state_value -category Layout -key child_hier_col3 -value {-1}
gui_set_state_value -category Layout -key child_hier_colhier -value 411
gui_set_state_value -category Layout -key child_hier_colpd -value 0
gui_set_state_value -category Layout -key child_hier_coltype -value 113
gui_set_state_value -category Layout -key child_hier_size_x -value 356
gui_set_state_value -category Layout -key child_hier_size_y -value 348
gui_set_state_value -category Layout -key child_list_down -value 182
gui_set_state_value -category Layout -key child_list_right -value 443
gui_set_state_value -category Layout -key child_source_docknewline -value false
gui_set_state_value -category Layout -key child_source_pos_x -value {-2}
gui_set_state_value -category Layout -key child_source_pos_y -value {-17}
gui_set_state_value -category Layout -key child_source_size_x -value 608
gui_set_state_value -category Layout -key child_source_size_y -value 344
gui_set_state_value -category Layout -key child_wave_colname -value 171
gui_set_state_value -category Layout -key child_wave_colvalue -value 171
gui_set_state_value -category Layout -key child_wave_left -value 347
gui_set_state_value -category Layout -key child_wave_right -value 845
gui_set_state_value -category Layout -key main_pos_x -value 335
gui_set_state_value -category Layout -key main_pos_y -value 530
gui_set_state_value -category Layout -key main_size_x -value 1593
gui_set_state_value -category Layout -key main_size_y -value 1127
gui_set_state_value -category Layout -key stand_list_child_docknewline -value false
gui_set_state_value -category Layout -key stand_list_child_pos_x -value {-2}
gui_set_state_value -category Layout -key stand_list_child_pos_y -value {-17}
gui_set_state_value -category Layout -key stand_list_child_size_x -value 603
gui_set_state_value -category Layout -key stand_list_child_size_y -value 329
gui_set_state_value -category Layout -key stand_list_top_pos_x -value 540
gui_set_state_value -category Layout -key stand_list_top_pos_y -value 112
gui_set_state_value -category Layout -key stand_list_top_size_x -value 1138
gui_set_state_value -category Layout -key stand_list_top_size_y -value 610
gui_set_state_value -category Layout -key stand_source_child_docknewline -value false
gui_set_state_value -category Layout -key stand_source_child_pos_x -value {-2}
gui_set_state_value -category Layout -key stand_source_child_pos_y -value {-17}
gui_set_state_value -category Layout -key stand_source_child_size_x -value 2244
gui_set_state_value -category Layout -key stand_source_child_size_y -value 411
gui_set_state_value -category Layout -key stand_wave_child_docknewline -value false
gui_set_state_value -category Layout -key stand_wave_child_pos_x -value {-2}
gui_set_state_value -category Layout -key stand_wave_child_pos_y -value {-17}
gui_set_state_value -category Layout -key stand_wave_child_size_x -value 1202
gui_set_state_value -category Layout -key stand_wave_child_size_y -value 857
gui_set_state_value -category Layout -key stand_wave_top_pos_x -value 215
gui_set_state_value -category Layout -key stand_wave_top_pos_y -value 104
gui_set_state_value -category Layout -key stand_wave_top_size_x -value 1412
gui_set_state_value -category Layout -key stand_wave_top_size_y -value 1079
gui_create_state_key -category FindDialog -key m_pMatchCase -value_type bool -value false
gui_create_state_key -category FindDialog -key m_pMatchWord -value_type bool -value false
gui_create_state_key -category FindDialog -key m_pUseCombo -value_type string -value {}
gui_create_state_key -category FindDialog -key m_pWrapAround -value_type bool -value true
gui_create_state_key -category Widget_History -key TopLevel.1|qt_left_dock|DockWnd2|DLPane.1|pages|Data.1|hbox|textfilter -value_type string -value pc
gui_state_default_create -off

# Begin command logging
gui_open_db -file final.vpd
gui_list_expand -id  Hier.1   rocketTestHarness
gui_list_expand -id  Hier.1   rocketTestHarness.dut
gui_list_select -id Hier.1 -current_item_name rocketTestHarness.dut.cpu -current_item_type Scope  -selected  { rocketTestHarness.dut.cpu   }
gui_list_select -id Data.1 -selected  { {rocketTestHarness.dut.cpu.icache_addr[31:0]}   }
gui_list_select -id Data.1 -selected  { {rocketTestHarness.dut.cpu.icache_addr[31:0]}  {rocketTestHarness.dut.cpu.icache_dout[31:0]}   }
gui_list_select -id Data.1 -selected  { {rocketTestHarness.dut.cpu.icache_addr[31:0]}  {rocketTestHarness.dut.cpu.icache_dout[31:0]}  {rocketTestHarness.dut.cpu.dcache_we[3:0]}   }
gui_list_select -id Data.1 -selected  { {rocketTestHarness.dut.cpu.icache_addr[31:0]}  {rocketTestHarness.dut.cpu.icache_dout[31:0]}  {rocketTestHarness.dut.cpu.dcache_we[3:0]}  rocketTestHarness.dut.cpu.dcache_re   }
gui_list_select -id Data.1 -selected  { {rocketTestHarness.dut.cpu.icache_addr[31:0]}  {rocketTestHarness.dut.cpu.icache_dout[31:0]}  {rocketTestHarness.dut.cpu.dcache_we[3:0]}  rocketTestHarness.dut.cpu.dcache_re  rocketTestHarness.dut.cpu.icache_re   }
gui_list_select -id Data.1 -selected  { {rocketTestHarness.dut.cpu.icache_addr[31:0]}  {rocketTestHarness.dut.cpu.icache_dout[31:0]}  {rocketTestHarness.dut.cpu.dcache_we[3:0]}  rocketTestHarness.dut.cpu.dcache_re  rocketTestHarness.dut.cpu.icache_re  {rocketTestHarness.dut.cpu.dcache_din[31:0]}   }
gui_list_select -id Data.1 -selected  { {rocketTestHarness.dut.cpu.icache_addr[31:0]}  {rocketTestHarness.dut.cpu.icache_dout[31:0]}  {rocketTestHarness.dut.cpu.dcache_we[3:0]}  rocketTestHarness.dut.cpu.dcache_re  rocketTestHarness.dut.cpu.icache_re  {rocketTestHarness.dut.cpu.dcache_din[31:0]}  {rocketTestHarness.dut.cpu.dcache_dout[31:0]}   }
gui_list_select -id Data.1 -selected  { {rocketTestHarness.dut.cpu.icache_addr[31:0]}  {rocketTestHarness.dut.cpu.icache_dout[31:0]}  {rocketTestHarness.dut.cpu.dcache_we[3:0]}  rocketTestHarness.dut.cpu.dcache_re  rocketTestHarness.dut.cpu.icache_re  {rocketTestHarness.dut.cpu.dcache_din[31:0]}  {rocketTestHarness.dut.cpu.dcache_dout[31:0]}  rocketTestHarness.dut.cpu.clk   }
gui_list_select -id Data.1 -selected  { {rocketTestHarness.dut.cpu.icache_addr[31:0]}  {rocketTestHarness.dut.cpu.icache_dout[31:0]}  {rocketTestHarness.dut.cpu.dcache_we[3:0]}  rocketTestHarness.dut.cpu.dcache_re  rocketTestHarness.dut.cpu.icache_re  {rocketTestHarness.dut.cpu.dcache_din[31:0]}  {rocketTestHarness.dut.cpu.dcache_dout[31:0]}  rocketTestHarness.dut.cpu.clk  rocketTestHarness.dut.cpu.reset   }
gui_list_select -id Data.1 -selected  { {rocketTestHarness.dut.cpu.icache_addr[31:0]}  {rocketTestHarness.dut.cpu.icache_dout[31:0]}  {rocketTestHarness.dut.cpu.dcache_we[3:0]}  rocketTestHarness.dut.cpu.dcache_re  rocketTestHarness.dut.cpu.icache_re  {rocketTestHarness.dut.cpu.dcache_din[31:0]}  {rocketTestHarness.dut.cpu.dcache_dout[31:0]}  rocketTestHarness.dut.cpu.clk  rocketTestHarness.dut.cpu.reset  {rocketTestHarness.dut.cpu.dcache_addr[31:0]}   }
gui_list_select -id Data.1 { rocketTestHarness.dut.cpu.stall   }
gui_open_window Wave
gui_list_add -id Wave.1 -from Data.1 { rocketTestHarness.dut.cpu.clk rocketTestHarness.dut.cpu.reset {rocketTestHarness.dut.cpu.dcache_addr[31:0]} {rocketTestHarness.dut.cpu.icache_addr[31:0]} {rocketTestHarness.dut.cpu.dcache_we[3:0]} rocketTestHarness.dut.cpu.dcache_re rocketTestHarness.dut.cpu.icache_re {rocketTestHarness.dut.cpu.dcache_din[31:0]} {rocketTestHarness.dut.cpu.dcache_dout[31:0]} {rocketTestHarness.dut.cpu.icache_dout[31:0]} rocketTestHarness.dut.cpu.stall } -insertionbar
gui_list_select -id Data.1 -selected  { {rocketTestHarness.dut.cpu.inst_X[31:0]}   }
gui_list_select -id Data.1 -selected  { {rocketTestHarness.dut.cpu.PCRegDtoX[31:0]}   }
gui_list_select -id Data.1 -selected  { {rocketTestHarness.dut.cpu.inst_X[31:0]}   }
gui_list_select -id Data.1 -selected  { {rocketTestHarness.dut.cpu.PCRegDtoX[31:0]}   }
gui_list_select -id Data.1 -selected  { {rocketTestHarness.dut.cpu.inst_X[31:0]}   }
gui_list_select -id Data.1 -selected  { {rocketTestHarness.dut.cpu.inst_X[31:0]}  {rocketTestHarness.dut.cpu.PCRegDtoX[31:0]}   }
gui_list_add -id Wave.1 -from Data.1 { {rocketTestHarness.dut.cpu.inst_X[31:0]} {rocketTestHarness.dut.cpu.PCRegDtoX[31:0]} } -insertionbar
gui_zoom -window Wave.1 -factor 0.5
gui_zoom -window Wave.1 -factor 0.5
gui_zoom -window Wave.1 -factor 0.5
gui_zoom -window Wave.1 -factor 0.5
gui_zoom -window Wave.1 -factor 0.5
gui_zoom -window Wave.1 -factor 0.5
gui_zoom -window Wave.1 -factor 0.5
gui_zoom -window Wave.1 -factor 0.5
gui_zoom -window Wave.1 -factor 0.5
gui_zoom -window Wave.1 -factor 0.5
gui_zoom -window Wave.1 -factor 0.5
gui_zoom -window Wave.1 -factor 0.5
gui_zoom -window Wave.1 -factor 0.5
gui_zoom -window Wave.1 -factor 0.5
gui_zoom -window Wave.1 -factor 0.5
gui_marker_move -id  Wave.1 C1 1753155
gui_zoom -window Wave.1 -factor 2
gui_zoom -window Wave.1 -factor 2
gui_zoom -window Wave.1 -factor 2
gui_wv_scrollleft -id  Wave.1  line
gui_wv_scrollleft -id  Wave.1  line
gui_wv_scrollleft -id  Wave.1  line
gui_wv_scrollleft -id  Wave.1  line
gui_wv_scrollleft -id  Wave.1  line
gui_wv_scrollleft -id  Wave.1  line
gui_wv_scrollleft -id  Wave.1  line
gui_wv_scrollleft -id  Wave.1  line
gui_wv_scrollleft -id  Wave.1  line
gui_close_window -window TopLevel.1
